SF:lib/common/exception.dart
DA:6,4
LF:1
LH:1
end_of_record
SF:lib/data/datasources/movie/movie_local_data_source.dart
DA:15,1
DA:18,1
DA:20,3
DA:23,2
DA:28,1
DA:30,3
DA:33,2
DA:38,1
DA:39,3
DA:41,1
DA:48,1
DA:49,3
DA:50,4
LF:13
LH:13
end_of_record
SF:lib/data/models/genre/genre_model.dart
DA:4,9
DA:7,9
DA:12,4
DA:13,2
DA:14,2
DA:17,0
DA:18,0
DA:19,0
DA:22,1
DA:23,3
DA:26,3
DA:27,9
LF:12
LH:9
end_of_record
SF:lib/data/models/movie/movie_table.dart
DA:11,2
DA:18,2
DA:19,1
DA:20,1
DA:21,1
DA:22,1
DA:25,2
DA:26,1
DA:27,1
DA:28,1
DA:29,1
DA:32,0
DA:33,0
DA:34,0
DA:35,0
DA:36,0
DA:39,2
DA:40,1
DA:41,1
DA:42,1
DA:43,1
DA:46,2
DA:47,10
LF:23
LH:18
end_of_record
SF:lib/data/models/tv_series/tv_series_detail_model.dart
DA:28,7
DA:52,7
DA:78,2
DA:79,1
DA:80,4
DA:81,1
DA:82,5
DA:83,1
DA:84,1
DA:85,1
DA:86,4
DA:87,1
DA:88,1
DA:89,1
DA:90,1
DA:91,4
DA:92,1
DA:93,1
DA:94,1
DA:95,2
DA:96,1
DA:97,1
DA:98,1
DA:99,1
DA:100,2
DA:101,1
DA:104,0
DA:105,0
DA:106,0
DA:107,0
DA:108,0
DA:109,0
DA:110,0
DA:111,0
DA:112,0
DA:113,0
DA:114,0
DA:115,0
DA:116,0
DA:117,0
DA:118,0
DA:119,0
DA:120,0
DA:121,0
DA:122,0
DA:123,0
DA:124,0
DA:125,0
DA:126,0
DA:127,0
LF:50
LH:26
end_of_record
SF:lib/data/models/tv_series/tv_series_model.dart
DA:4,11
DA:18,11
DA:34,4
DA:35,2
DA:36,2
DA:37,4
DA:38,2
DA:39,2
DA:40,4
DA:41,2
DA:42,2
DA:43,2
DA:44,2
DA:45,2
DA:46,4
DA:47,2
DA:50,2
DA:51,1
DA:52,1
DA:53,4
DA:54,1
DA:55,1
DA:56,4
DA:57,1
DA:58,1
DA:59,1
DA:60,1
DA:61,1
DA:62,1
DA:63,1
DA:65,0
DA:66,0
DA:67,0
DA:68,0
DA:69,0
DA:70,0
DA:71,0
DA:72,0
DA:73,0
DA:74,0
DA:75,0
DA:76,0
DA:77,0
DA:78,0
LF:44
LH:30
end_of_record
SF:lib/data/models/tv_series/tv_series_table.dart
DA:12,2
DA:19,2
DA:20,1
DA:21,1
DA:22,1
DA:23,1
DA:26,2
DA:27,1
DA:28,1
DA:29,1
DA:30,1
DA:33,0
DA:34,0
DA:35,0
DA:36,0
DA:37,0
DA:40,2
DA:41,1
DA:42,1
DA:43,1
DA:44,1
DA:47,2
DA:48,10
LF:23
LH:18
end_of_record
SF:lib/domain/entities/genre.dart
DA:4,12
DA:12,2
DA:13,6
LF:3
LH:3
end_of_record
SF:lib/domain/entities/movie.dart
DA:4,9
DA:20,1
DA:41,8
DA:42,8
DA:43,8
DA:44,8
DA:45,8
DA:46,8
DA:47,8
DA:48,8
DA:49,8
DA:50,8
DA:51,8
DA:52,8
DA:53,8
DA:54,8
DA:55,8
LF:17
LH:17
end_of_record
SF:lib/domain/entities/movie_detail.dart
DA:5,6
DA:33,2
DA:34,2
DA:35,2
DA:36,2
DA:37,2
DA:38,2
DA:39,2
DA:40,2
DA:41,2
DA:42,2
DA:43,2
DA:44,2
DA:45,2
LF:14
LH:14
end_of_record
SF:lib/domain/entities/tv_series.dart
DA:18,11
DA:34,1
DA:41,9
DA:42,9
DA:43,9
DA:44,9
DA:45,9
DA:46,9
DA:47,9
DA:48,9
DA:49,9
DA:50,9
DA:51,9
DA:52,9
DA:53,9
DA:54,9
DA:55,9
LF:17
LH:17
end_of_record
SF:lib/domain/entities/tv_series_detail.dart
DA:29,7
DA:55,2
DA:56,2
DA:57,2
DA:58,2
DA:59,2
DA:60,2
DA:61,2
DA:62,2
DA:63,2
DA:64,2
DA:65,2
DA:66,2
DA:67,2
DA:68,2
DA:69,2
DA:70,2
DA:71,2
DA:72,2
DA:73,2
DA:74,2
DA:75,2
DA:76,2
DA:77,2
DA:78,2
DA:79,2
LF:26
LH:26
end_of_record
SF:lib/common/failure.dart
DA:6,9
DA:8,2
DA:9,4
DA:13,14
DA:17,4
DA:21,8
LF:6
LH:6
end_of_record
SF:lib/data/datasources/db/database_helper.dart
DA:9,0
DA:13,0
DA:17,0
DA:19,0
DA:27,0
DA:28,0
DA:29,0
DA:31,0
DA:35,0
DA:36,0
DA:43,0
DA:45,0
DA:52,0
DA:55,0
DA:56,0
DA:57,0
DA:60,0
DA:61,0
DA:62,0
DA:65,0
DA:69,0
DA:70,0
DA:71,0
DA:74,0
DA:77,0
DA:78,0
DA:84,0
DA:85,0
DA:86,0
DA:91,0
DA:92,0
DA:93,0
DA:96,0
DA:97,0
DA:98,0
DA:101,0
DA:105,0
DA:106,0
DA:107,0
DA:110,0
DA:113,0
DA:114,0
DA:120,0
DA:121,0
DA:122,0
LF:45
LH:0
end_of_record
SF:lib/data/datasources/movie/movie_remote_data_source.dart
DA:23,1
DA:26,1
DA:28,5
DA:30,2
DA:31,4
DA:33,1
DA:38,1
DA:40,5
DA:42,2
DA:43,3
DA:45,1
DA:50,1
DA:51,2
DA:52,3
DA:54,2
DA:55,4
DA:57,1
DA:62,1
DA:64,5
DA:66,2
DA:67,4
DA:69,1
DA:74,1
DA:76,5
DA:78,2
DA:79,4
DA:81,1
DA:86,1
DA:87,2
DA:88,3
DA:90,2
DA:91,4
DA:93,1
LF:33
LH:33
end_of_record
SF:lib/data/datasources/tv_series/tv_series_local_data_source.dart
DA:15,1
DA:18,1
DA:20,3
DA:23,2
DA:28,1
DA:30,3
DA:33,2
DA:38,1
DA:39,3
DA:41,1
DA:48,1
DA:49,3
DA:50,4
LF:13
LH:13
end_of_record
SF:lib/data/datasources/tv_series/tv_series_remote_data_source.dart
DA:23,1
DA:26,1
DA:28,5
DA:30,2
DA:31,4
DA:33,1
DA:38,1
DA:40,5
DA:42,2
DA:43,3
DA:45,1
DA:50,1
DA:51,2
DA:52,3
DA:54,2
DA:55,4
DA:57,1
DA:62,1
DA:64,5
DA:66,2
DA:67,4
DA:69,1
DA:74,1
DA:76,5
DA:78,2
DA:79,4
DA:81,1
DA:86,1
DA:87,2
DA:88,3
DA:90,2
DA:91,4
DA:93,1
LF:33
LH:33
end_of_record
SF:lib/data/models/movie/movie_detail_model.dart
DA:6,2
DA:52,1
DA:53,1
DA:54,1
DA:55,1
DA:56,1
DA:57,1
DA:58,4
DA:59,1
DA:60,1
DA:61,1
DA:62,1
DA:63,1
DA:64,1
DA:65,2
DA:66,1
DA:67,1
DA:68,1
DA:69,1
DA:70,1
DA:71,1
DA:72,1
DA:73,1
DA:74,2
DA:75,1
DA:78,0
DA:79,0
DA:80,0
DA:81,0
DA:82,0
DA:83,0
DA:84,0
DA:85,0
DA:86,0
DA:87,0
DA:88,0
DA:89,0
DA:90,0
DA:91,0
DA:92,0
DA:93,0
DA:94,0
DA:95,0
DA:96,0
DA:97,0
DA:98,0
DA:99,0
DA:102,1
DA:103,1
DA:104,1
DA:105,1
DA:106,5
DA:107,1
DA:108,1
DA:109,1
DA:110,1
DA:111,1
DA:112,1
DA:113,1
DA:114,1
DA:115,1
DA:119,1
DA:120,1
DA:121,1
DA:122,1
DA:123,1
DA:124,1
DA:125,1
DA:126,1
DA:127,1
DA:128,1
DA:129,1
DA:130,1
DA:131,1
DA:132,1
DA:133,1
DA:134,1
DA:135,1
DA:136,1
DA:137,1
DA:138,1
DA:139,1
DA:140,1
DA:141,1
LF:84
LH:62
end_of_record
SF:lib/data/models/movie/movie_model.dart
DA:5,4
DA:35,4
DA:36,2
DA:37,2
DA:38,8
DA:39,2
DA:40,2
DA:41,2
DA:42,4
DA:43,2
DA:44,2
DA:45,2
DA:46,2
DA:47,4
DA:48,2
DA:51,2
DA:52,1
DA:53,1
DA:54,4
DA:55,1
DA:56,1
DA:57,1
DA:58,1
DA:59,1
DA:60,1
DA:61,1
DA:62,1
DA:63,1
DA:64,1
DA:67,2
DA:68,2
DA:69,2
DA:70,2
DA:71,2
DA:72,2
DA:73,2
DA:74,2
DA:75,2
DA:76,2
DA:77,2
DA:78,2
DA:79,2
DA:80,2
DA:81,2
DA:85,2
DA:86,2
DA:87,2
DA:88,2
DA:89,2
DA:90,2
DA:91,2
DA:92,2
DA:93,2
DA:94,2
DA:95,2
DA:96,2
DA:97,2
DA:98,2
DA:99,2
LF:59
LH:59
end_of_record
SF:lib/common/constants.dart
DA:18,0
DA:20,0
DA:22,0
DA:24,0
DA:28,0
LF:5
LH:0
end_of_record
SF:lib/data/models/movie/movie_response.dart
DA:7,2
DA:9,4
DA:10,2
DA:11,10
DA:12,4
DA:17,2
DA:18,5
DA:21,1
DA:22,2
LF:9
LH:9
end_of_record
SF:lib/data/models/tv_series/tv_series_response.dart
DA:7,2
DA:9,4
DA:10,4
DA:11,6
DA:12,6
DA:15,2
DA:16,5
DA:19,1
DA:20,2
LF:9
LH:9
end_of_record
SF:lib/domain/usecases/movie/search_movies.dart
DA:9,1
DA:11,1
DA:12,2
LF:3
LH:3
end_of_record
SF:lib/domain/usecases/tv_series/search_tv_series.dart
DA:9,1
DA:11,1
DA:12,2
LF:3
LH:3
end_of_record
SF:lib/presentation/bloc/search/search_bloc.dart
DA:16,3
DA:17,1
DA:18,1
DA:19,1
DA:20,2
DA:22,3
DA:24,1
DA:25,2
DA:26,2
DA:28,2
DA:29,1
DA:33,1
DA:34,1
DA:38,1
DA:39,1
DA:40,1
DA:41,2
DA:43,3
DA:45,1
DA:46,2
DA:47,2
DA:49,2
DA:50,1
DA:54,1
DA:55,1
DA:59,1
DA:62,1
DA:63,3
LF:28
LH:28
end_of_record
SF:lib/presentation/bloc/search/search_state.dart
DA:4,1
DA:6,1
DA:7,1
DA:16,1
DA:18,1
DA:19,2
DA:25,1
DA:27,1
DA:28,2
DA:35,1
DA:37,1
DA:38,2
LF:12
LH:12
end_of_record
SF:lib/presentation/bloc/search/search_event.dart
DA:4,1
DA:10,1
DA:12,0
DA:13,0
DA:19,1
DA:21,0
DA:22,0
DA:26,0
DA:27,0
LF:9
LH:3
end_of_record
SF:lib/data/repositories/movie_repository_impl.dart
DA:17,1
DA:23,1
DA:25,3
DA:26,5
DA:27,1
DA:28,2
DA:29,1
DA:30,2
DA:35,1
DA:37,3
DA:38,2
DA:39,1
DA:40,2
DA:41,1
DA:42,2
DA:47,1
DA:49,3
DA:50,3
DA:51,1
DA:52,2
DA:53,1
DA:54,2
DA:59,1
DA:61,3
DA:62,5
DA:63,1
DA:64,2
DA:65,1
DA:66,2
DA:71,1
DA:73,3
DA:74,5
DA:75,1
DA:76,2
DA:77,1
DA:78,2
DA:83,1
DA:85,3
DA:86,5
DA:87,1
DA:88,2
DA:89,1
DA:90,2
DA:95,1
DA:98,4
DA:99,1
DA:100,1
DA:101,3
DA:108,1
DA:111,4
DA:112,1
DA:113,1
DA:114,3
DA:119,1
DA:120,3
DA:125,1
DA:126,3
DA:127,5
LF:58
LH:58
end_of_record
SF:lib/data/repositories/tv_series_repository_impl.dart
DA:17,1
DA:23,1
DA:25,3
DA:26,1
DA:27,1
DA:28,2
DA:29,1
DA:30,2
DA:35,1
DA:37,3
DA:38,1
DA:39,1
DA:40,2
DA:41,1
DA:42,2
DA:47,1
DA:49,2
DA:50,0
DA:51,1
DA:52,2
DA:53,1
DA:54,2
DA:59,1
DA:61,3
DA:62,1
DA:63,1
DA:64,2
DA:65,1
DA:66,2
DA:71,1
DA:74,3
DA:75,1
DA:76,1
DA:77,2
DA:78,1
DA:79,2
DA:84,1
DA:85,3
DA:86,5
DA:90,1
DA:91,3
DA:96,1
DA:99,2
DA:100,2
DA:101,1
DA:102,1
DA:103,3
DA:108,1
DA:110,2
DA:111,2
DA:112,1
DA:113,1
DA:114,3
DA:121,1
DA:123,3
DA:124,1
DA:125,1
DA:126,2
DA:127,1
DA:128,2
LF:60
LH:59
end_of_record
SF:lib/domain/usecases/movie/get_top_rated_movies.dart
DA:9,1
DA:11,1
DA:12,2
LF:3
LH:3
end_of_record
SF:lib/domain/usecases/tv_series/get_top_rated_tv_series.dart
DA:9,1
DA:11,1
DA:12,2
LF:3
LH:3
end_of_record
SF:lib/presentation/bloc/top_rated/top_rated_bloc.dart
DA:14,1
DA:17,2
DA:18,1
DA:19,1
DA:20,2
DA:21,3
DA:22,1
DA:23,2
DA:24,2
DA:26,2
DA:27,1
DA:33,1
DA:34,1
DA:35,2
DA:36,3
DA:37,1
DA:38,2
DA:39,2
DA:41,2
DA:42,1
LF:20
LH:20
end_of_record
SF:lib/presentation/bloc/top_rated/top_rated_event.dart
DA:4,1
DA:6,0
DA:7,0
LF:3
LH:1
end_of_record
SF:lib/presentation/bloc/top_rated/top_rated_state.dart
DA:4,1
DA:10,1
DA:11,1
DA:15,1
DA:16,1
DA:22,1
DA:24,1
DA:25,2
DA:31,1
DA:33,1
DA:34,2
DA:41,1
DA:43,1
DA:44,2
LF:14
LH:14
end_of_record
SF:lib/domain/usecases/movie/save_watchlist.dart
DA:9,1
DA:11,1
DA:12,2
LF:3
LH:3
end_of_record
SF:lib/domain/usecases/movie/get_movie_detail.dart
DA:9,1
DA:11,1
DA:12,2
LF:3
LH:3
end_of_record
SF:lib/domain/usecases/movie/get_movie_recommendations.dart
DA:9,1
DA:11,1
DA:12,2
LF:3
LH:3
end_of_record
SF:lib/domain/usecases/movie/get_now_playing_movies.dart
DA:9,1
DA:11,1
DA:12,2
LF:3
LH:3
end_of_record
SF:lib/domain/usecases/movie/get_watchlist_movies.dart
DA:9,1
DA:11,1
DA:12,2
LF:3
LH:3
end_of_record
SF:lib/domain/usecases/movie/get_popular_movies.dart
DA:9,1
DA:11,1
DA:12,2
LF:3
LH:3
end_of_record
SF:lib/domain/usecases/movie/remove_watchlist.dart
DA:9,1
DA:11,1
DA:12,2
LF:3
LH:3
end_of_record
SF:lib/domain/usecases/movie/get_watchlist_status.dart
DA:6,1
DA:8,1
DA:9,2
LF:3
LH:3
end_of_record
SF:lib/domain/usecases/tv_series/get_tv_series_detail.dart
DA:9,1
DA:11,1
DA:12,2
LF:3
LH:3
end_of_record
SF:lib/domain/usecases/tv_series/save_watchlist.dart
DA:9,1
DA:11,1
DA:12,2
LF:3
LH:3
end_of_record
SF:lib/domain/usecases/tv_series/get_movie_recommendations.dart
DA:9,1
DA:11,1
DA:12,2
LF:3
LH:3
end_of_record
SF:lib/domain/usecases/tv_series/get_popular_tv_series.dart
DA:9,1
DA:11,1
DA:12,2
LF:3
LH:3
end_of_record
SF:lib/domain/usecases/tv_series/get_watchlist_tv_series.dart
DA:9,1
DA:11,1
DA:12,2
LF:3
LH:3
end_of_record
SF:lib/domain/usecases/tv_series/get_now_playing_tv_series.dart
DA:9,1
DA:11,1
DA:12,2
LF:3
LH:3
end_of_record
SF:lib/domain/usecases/tv_series/remove_watchlist.dart
DA:9,1
DA:11,1
DA:12,2
LF:3
LH:3
end_of_record
SF:lib/domain/usecases/tv_series/get_watchlist_status.dart
DA:6,1
DA:8,1
DA:9,2
LF:3
LH:3
end_of_record
SF:lib/presentation/bloc/popular/popular_bloc.dart
DA:16,1
DA:17,2
DA:18,1
DA:19,1
DA:20,2
DA:21,3
DA:22,1
DA:23,2
DA:24,2
DA:26,2
DA:27,1
DA:33,1
DA:34,1
DA:35,2
DA:36,3
DA:37,1
DA:38,2
DA:39,2
DA:41,2
DA:42,1
LF:20
LH:20
end_of_record
SF:lib/presentation/bloc/popular/popular_event.dart
DA:4,1
DA:6,0
DA:7,0
LF:3
LH:1
end_of_record
SF:lib/presentation/bloc/popular/popular_state.dart
DA:7,1
DA:8,1
DA:12,1
DA:13,1
DA:19,1
DA:21,1
DA:22,2
DA:28,1
DA:30,1
DA:31,2
DA:38,1
DA:40,1
DA:41,2
LF:13
LH:13
end_of_record
SF:lib/presentation/bloc/detail/detail_state.dart
DA:4,1
DA:8,1
DA:9,1
DA:13,1
DA:14,1
DA:20,1
DA:22,1
DA:23,2
DA:28,1
DA:32,1
DA:33,2
DA:40,1
DA:42,1
DA:43,2
LF:14
LH:14
end_of_record
SF:lib/presentation/bloc/detail/detail_event.dart
DA:4,1
DA:6,0
DA:7,0
DA:12,1
DA:14,0
DA:15,0
DA:20,1
DA:22,0
DA:23,0
LF:9
LH:3
end_of_record
SF:lib/presentation/bloc/detail/detail_bloc.dart
DA:14,1
DA:17,2
DA:18,2
DA:19,2
DA:20,4
DA:21,1
DA:22,4
DA:23,3
DA:28,2
DA:29,2
DA:30,4
DA:31,1
DA:32,4
DA:33,3
LF:14
LH:14
end_of_record
SF:lib/presentation/bloc/recommend/recommend_event.dart
DA:4,1
DA:6,0
DA:7,0
DA:14,1
DA:20,1
LF:5
LH:3
end_of_record
SF:lib/presentation/bloc/recommend/recommend_state.dart
DA:4,1
DA:6,1
DA:7,1
DA:18,1
DA:20,1
DA:21,2
DA:27,1
DA:29,1
DA:30,2
DA:37,1
DA:39,1
DA:40,2
LF:12
LH:12
end_of_record
SF:lib/presentation/bloc/recommend/recommend_bloc.dart
DA:15,1
DA:18,2
DA:19,1
DA:20,1
DA:21,2
DA:22,4
DA:23,1
DA:24,2
DA:25,2
DA:27,2
DA:28,1
DA:34,1
DA:35,1
DA:36,2
DA:37,4
DA:38,1
DA:39,2
DA:40,2
DA:42,2
DA:43,1
LF:20
LH:20
end_of_record
SF:lib/presentation/bloc/watch_list/watch_list_event.dart
DA:4,1
DA:6,0
DA:7,0
LF:3
LH:1
end_of_record
SF:lib/presentation/bloc/watch_list/watch_list_bloc.dart
DA:15,1
DA:18,2
DA:19,1
DA:20,1
DA:21,2
DA:22,3
DA:23,1
DA:24,2
DA:25,2
DA:27,2
DA:28,1
DA:34,1
DA:35,1
DA:36,2
DA:37,3
DA:38,1
DA:39,2
DA:40,2
DA:42,2
DA:43,1
LF:20
LH:20
end_of_record
SF:lib/presentation/bloc/watch_list/watch_list_state.dart
DA:4,1
DA:9,1
DA:10,1
DA:14,1
DA:15,1
DA:21,1
DA:23,1
DA:24,2
DA:30,1
DA:32,1
DA:33,2
DA:40,1
DA:42,1
DA:43,2
LF:14
LH:14
end_of_record
SF:lib/presentation/bloc/detail_watch_list/detail_watch_list_state.dart
DA:4,1
DA:6,1
DA:7,1
DA:18,1
DA:23,0
LF:5
LH:4
end_of_record
SF:lib/presentation/bloc/detail_watch_list/detail_watch_list_bloc.dart
DA:24,1
DA:31,2
DA:32,2
DA:33,2
DA:34,2
DA:35,2
DA:36,2
DA:37,2
DA:40,1
DA:41,2
DA:43,4
DA:45,2
DA:48,1
DA:49,2
DA:51,4
DA:52,5
DA:54,1
DA:55,0
DA:56,3
DA:60,1
DA:61,2
DA:63,4
DA:64,5
DA:66,1
DA:67,0
DA:68,3
DA:72,1
DA:73,2
DA:75,4
DA:77,2
DA:80,1
DA:81,2
DA:83,4
DA:84,5
DA:86,1
DA:87,0
DA:88,3
DA:92,1
DA:93,2
DA:95,4
DA:96,5
DA:98,1
DA:99,0
DA:100,3
LF:44
LH:40
end_of_record
SF:lib/presentation/bloc/detail_watch_list/detail_watch_list_event.dart
DA:4,1
DA:6,0
DA:7,0
DA:12,1
DA:17,1
DA:23,1
DA:30,1
DA:36,1
DA:43,1
LF:9
LH:7
end_of_record
SF:lib/presentation/bloc/now_playing/now_playing_state.dart
DA:4,1
DA:11,1
DA:12,1
DA:16,1
DA:17,1
DA:23,1
DA:25,1
DA:26,2
DA:32,1
DA:34,1
DA:35,2
DA:42,1
DA:44,1
DA:45,2
LF:14
LH:14
end_of_record
SF:lib/presentation/bloc/now_playing/now_playing_bloc.dart
DA:14,1
DA:17,2
DA:18,1
DA:19,1
DA:20,2
DA:21,3
DA:22,1
DA:23,2
DA:24,2
DA:26,2
DA:27,1
DA:33,2
DA:34,2
DA:35,3
DA:36,1
DA:37,2
DA:38,2
DA:40,2
DA:41,1
LF:19
LH:19
end_of_record
SF:lib/presentation/bloc/now_playing/now_playing_event.dart
DA:4,1
DA:6,0
DA:7,0
LF:3
LH:1
end_of_record
